<?xml version="1.0" encoding="UTF-8"?>
<!-- Generated by org.testng.reporters.JUnitXMLReporter -->
<testsuite ignored="1" hostname="Lavanya" failures="0" tests="2" name="Test" time="0.133" errors="0" timestamp="2024-01-04T10:01:58 IST">
  <testcase classname="Disable_Testcase.Sample" name="Tc1" time="0.013"/>
  <testcase classname="Disable_Testcase.Sample" name="Tc2" time="0.003"/>
  <testcase classname="Disable_Testcase.Sample" name="Tc3" time="0.0">
    <ignored/>
  </testcase> <!-- Tc3 -->
</testsuite> <!-- Test -->
