<?xml version="1.0" encoding="UTF-8"?>
<testng-results ignored="0" total="1" passed="1" failed="0" skipped="0">
  <reporter-output>
    <line>
      <![CDATA[running Tc4]]>
    </line>
  </reporter-output>
  <suite started-at="2024-01-25T14:15:32 IST" name="Default suite" finished-at="2024-01-25T14:15:32 IST" duration-ms="200">
    <groups>
    </groups>
    <test started-at="2024-01-25T14:15:32 IST" name="Default test" finished-at="2024-01-25T14:15:32 IST" duration-ms="200">
      <class name="Assert_features.Assert_assertfalse">
        <test-method signature="Tc4()[pri:0, instance:Assert_features.Assert_assertfalse@10d307f1]" started-at="2024-01-25T14:15:32 IST" name="Tc4" finished-at="2024-01-25T14:15:32 IST" duration-ms="36" status="PASS">
          <reporter-output>
            <line>
              <![CDATA[running Tc4]]>
            </line>
          </reporter-output>
        </test-method> <!-- Tc4 -->
      </class> <!-- Assert_features.Assert_assertfalse -->
    </test> <!-- Default test -->
  </suite> <!-- Default suite -->
</testng-results>
